[2025-03-19 19:30:28,909] [INFO] [main] - Iniciando execução do sistema de coleta e processamento de FIDCs
[2025-03-19 19:30:28,909] [INFO] [main] - Iniciando processamento para tabela caracteristicas_fundo
[2025-03-19 19:30:28,909] [INFO] [data_collection] - Iniciando coleta de dados para caracteristicas_fundo
[2025-03-19 19:30:55,509] [INFO] [data_collection] - Coleta de dados para caracteristicas_fundo finalizada com sucesso
[2025-03-19 19:30:55,509] [INFO] [data_processing] - Iniciando processamento de dados para caracteristicas_fundo
[2025-03-19 19:30:55,509] [INFO] [duplicates] - Verificando duplicatas para caracteristicas_fundo
[2025-03-19 19:30:55,697] [INFO] [duplicates] - Duplicatas SEM TP_FUNDO_CLASSE removidas para caracteristicas_fundo
[2025-03-19 19:30:55,702] [INFO] [duplicates] - Tratamento das duplicatas finalizado com sucesso para caracteristicas_fundo
[2025-03-19 19:30:56,817] [INFO] [data_processing] - Processamento de dados para caracteristicas_fundo finalizado com sucesso
[2025-03-19 19:30:56,817] [INFO] [data_processing] - Criando backup para caracteristicas_fundo
[2025-03-19 19:31:13,857] [INFO] [data_processing] - Backup para caracteristicas_fundo criado com sucesso
[2025-03-19 19:31:13,877] [INFO] [main] - Tabela caracteristicas_fundo criada/atualizada no banco de dados
[2025-03-19 19:31:54,628] [INFO] [main] - Dados deletados e inseridos na tabela caracteristicas_fundo para os meses baixados
[2025-03-19 19:31:54,628] [INFO] [main] - Processamento para tabela caracteristicas_fundo finalizado com sucesso
[2025-03-19 19:31:54,628] [INFO] [main] - Iniciando processamento para tabela patrimonio_liquido
[2025-03-19 19:31:54,628] [INFO] [data_collection] - Iniciando coleta de dados para patrimonio_liquido
[2025-03-19 19:32:09,286] [INFO] [data_collection] - Coleta de dados para patrimonio_liquido finalizada com sucesso
[2025-03-19 19:32:09,329] [INFO] [data_processing] - Iniciando processamento de dados para patrimonio_liquido
[2025-03-19 19:32:09,329] [INFO] [duplicates] - Verificando duplicatas para patrimonio_liquido
[2025-03-19 19:32:09,406] [INFO] [duplicates] - Duplicatas SEM TP_FUNDO_CLASSE removidas para patrimonio_liquido
[2025-03-19 19:32:09,411] [INFO] [duplicates] - Tratamento das duplicatas finalizado com sucesso para patrimonio_liquido
[2025-03-19 19:32:11,169] [INFO] [data_processing] - Processamento de dados para patrimonio_liquido finalizado com sucesso
[2025-03-19 19:32:11,209] [INFO] [data_processing] - Criando backup para patrimonio_liquido
[2025-03-19 19:32:12,539] [INFO] [data_processing] - Backup para patrimonio_liquido criado com sucesso
[2025-03-19 19:32:12,542] [INFO] [main] - Tabela patrimonio_liquido criada/atualizada no banco de dados
[2025-03-19 19:32:20,683] [INFO] [main] - Dados deletados e inseridos na tabela patrimonio_liquido para os meses baixados
[2025-03-19 19:32:20,683] [INFO] [main] - Processamento para tabela patrimonio_liquido finalizado com sucesso
[2025-03-19 19:32:20,683] [INFO] [main] - Iniciando processamento para tabela carteira_ativos
[2025-03-19 19:32:20,683] [INFO] [data_collection] - Iniciando coleta de dados para carteira_ativos
[2025-03-19 19:32:40,127] [INFO] [data_collection] - Coleta de dados para carteira_ativos finalizada com sucesso
[2025-03-19 19:32:40,127] [INFO] [data_processing] - Iniciando processamento de dados para carteira_ativos
[2025-03-19 19:32:40,137] [INFO] [duplicates] - Verificando duplicatas para carteira_ativos
[2025-03-19 19:32:40,255] [INFO] [duplicates] - Duplicatas SEM TP_FUNDO_CLASSE removidas para carteira_ativos
[2025-03-19 19:32:40,266] [INFO] [duplicates] - Tratamento das duplicatas finalizado com sucesso para carteira_ativos
[2025-03-19 19:32:41,574] [INFO] [data_processing] - Processamento de dados para carteira_ativos finalizado com sucesso
[2025-03-19 19:32:41,597] [INFO] [data_processing] - Criando backup para carteira_ativos
[2025-03-19 23:51:48,674] [INFO] [main] - Iniciando execução do sistema de coleta e processamento de FIDCs
[2025-03-19 23:51:48,675] [INFO] [main] - Iniciando processamento para tabela caracteristicas_fundo
[2025-03-19 23:51:48,675] [INFO] [data_collection] - Iniciando coleta de dados para caracteristicas_fundo
[2025-03-19 23:51:48,691] [WARNING] [main] - Nenhum dado disponível para caracteristicas_fundo. Pulando para a próxima tabela.
[2025-03-19 23:51:48,691] [INFO] [main] - Iniciando processamento para tabela patrimonio_liquido
[2025-03-19 23:51:48,691] [INFO] [data_collection] - Iniciando coleta de dados para patrimonio_liquido
[2025-03-19 23:51:48,693] [WARNING] [main] - Nenhum dado disponível para patrimonio_liquido. Pulando para a próxima tabela.
[2025-03-19 23:51:48,693] [INFO] [main] - Iniciando processamento para tabela carteira_ativos
[2025-03-19 23:51:48,693] [INFO] [data_collection] - Iniciando coleta de dados para carteira_ativos
[2025-03-19 23:51:48,694] [WARNING] [main] - Nenhum dado disponível para carteira_ativos. Pulando para a próxima tabela.
[2025-03-19 23:51:48,694] [INFO] [main] - Iniciando processamento para tabela passivos_derivativos
[2025-03-19 23:51:48,694] [INFO] [data_collection] - Iniciando coleta de dados para passivos_derivativos
[2025-03-19 23:51:48,697] [WARNING] [main] - Nenhum dado disponível para passivos_derivativos. Pulando para a próxima tabela.
[2025-03-19 23:51:48,697] [INFO] [main] - Iniciando processamento para tabela prazos_creditos
[2025-03-19 23:51:48,697] [INFO] [data_collection] - Iniciando coleta de dados para prazos_creditos
[2025-03-19 23:51:48,699] [WARNING] [main] - Nenhum dado disponível para prazos_creditos. Pulando para a próxima tabela.
[2025-03-19 23:51:48,699] [INFO] [main] - Iniciando processamento para tabela inadimplencia
[2025-03-19 23:51:48,699] [INFO] [data_collection] - Iniciando coleta de dados para inadimplencia
[2025-03-19 23:51:48,701] [WARNING] [main] - Nenhum dado disponível para inadimplencia. Pulando para a próxima tabela.
[2025-03-19 23:51:48,701] [INFO] [main] - Iniciando processamento para tabela cedentes_tomadores
[2025-03-19 23:51:48,701] [INFO] [data_collection] - Iniciando coleta de dados para cedentes_tomadores
[2025-03-19 23:51:48,704] [WARNING] [main] - Nenhum dado disponível para cedentes_tomadores. Pulando para a próxima tabela.
[2025-03-19 23:51:48,704] [INFO] [main] - Iniciando processamento para tabela precos_mercado
[2025-03-19 23:51:48,705] [INFO] [data_collection] - Iniciando coleta de dados para precos_mercado
[2025-03-19 23:51:48,707] [WARNING] [main] - Nenhum dado disponível para precos_mercado. Pulando para a próxima tabela.
[2025-03-19 23:51:48,707] [INFO] [main] - Iniciando processamento para tabela risco_credito
[2025-03-19 23:51:48,707] [INFO] [data_collection] - Iniciando coleta de dados para risco_credito
[2025-03-19 23:51:48,710] [WARNING] [main] - Nenhum dado disponível para risco_credito. Pulando para a próxima tabela.
[2025-03-19 23:51:48,710] [INFO] [main] - Iniciando processamento para tabela classes_cotistas
[2025-03-19 23:51:48,710] [INFO] [data_collection] - Iniciando coleta de dados para classes_cotistas
[2025-03-19 23:51:48,713] [WARNING] [main] - Nenhum dado disponível para classes_cotistas. Pulando para a próxima tabela.
[2025-03-19 23:51:48,713] [INFO] [main] - Iniciando processamento para tabela distribuicao_cotistas
[2025-03-19 23:51:48,713] [INFO] [data_collection] - Iniciando coleta de dados para distribuicao_cotistas
[2025-03-19 23:51:48,715] [WARNING] [main] - Nenhum dado disponível para distribuicao_cotistas. Pulando para a próxima tabela.
[2025-03-19 23:51:48,715] [INFO] [main] - Iniciando processamento para tabela cotas_valores
[2025-03-19 23:51:48,715] [INFO] [data_collection] - Iniciando coleta de dados para cotas_valores
[2025-03-19 23:51:48,717] [WARNING] [main] - Nenhum dado disponível para cotas_valores. Pulando para a próxima tabela.
[2025-03-19 23:51:48,717] [INFO] [main] - Iniciando processamento para tabela rentabilidade
[2025-03-19 23:51:48,717] [INFO] [data_collection] - Iniciando coleta de dados para rentabilidade
[2025-03-19 23:51:48,719] [WARNING] [main] - Nenhum dado disponível para rentabilidade. Pulando para a próxima tabela.
[2025-03-19 23:51:48,719] [INFO] [main] - Iniciando processamento para tabela operacoes_estruturadas
[2025-03-19 23:51:48,719] [INFO] [data_collection] - Iniciando coleta de dados para operacoes_estruturadas
[2025-03-19 23:51:48,722] [WARNING] [main] - Nenhum dado disponível para operacoes_estruturadas. Pulando para a próxima tabela.
[2025-03-19 23:51:48,722] [INFO] [main] - Iniciando processamento para tabela liquidez_ativos
[2025-03-19 23:51:48,722] [INFO] [data_collection] - Iniciando coleta de dados para liquidez_ativos
[2025-03-19 23:51:48,724] [WARNING] [main] - Nenhum dado disponível para liquidez_ativos. Pulando para a próxima tabela.
[2025-03-19 23:51:48,724] [INFO] [main] - Iniciando processamento para tabela performance_fundo
[2025-03-19 23:51:48,724] [INFO] [data_collection] - Iniciando coleta de dados para performance_fundo
[2025-03-19 23:51:48,726] [WARNING] [main] - Nenhum dado disponível para performance_fundo. Pulando para a próxima tabela.
[2025-03-19 23:51:48,726] [INFO] [main] - Iniciando processamento para tabela garantias_seguros
[2025-03-19 23:51:48,726] [INFO] [data_collection] - Iniciando coleta de dados para garantias_seguros
[2025-03-19 23:51:48,728] [WARNING] [main] - Nenhum dado disponível para garantias_seguros. Pulando para a próxima tabela.
[2025-03-19 23:51:48,728] [INFO] [main] - Execução do sistema finalizada com sucesso
[2025-03-19 23:52:02,570] [INFO] [main] - Iniciando execução do sistema de coleta e processamento de FIDCs
[2025-03-19 23:52:02,571] [INFO] [main] - Iniciando processamento para tabela caracteristicas_fundo
[2025-03-19 23:52:02,571] [INFO] [data_collection] - Iniciando coleta de dados para caracteristicas_fundo
[2025-03-19 23:52:02,575] [WARNING] [main] - Nenhum dado disponível para caracteristicas_fundo. Pulando para a próxima tabela.
[2025-03-19 23:52:02,575] [INFO] [main] - Iniciando processamento para tabela patrimonio_liquido
[2025-03-19 23:52:02,575] [INFO] [data_collection] - Iniciando coleta de dados para patrimonio_liquido
[2025-03-19 23:52:02,576] [WARNING] [main] - Nenhum dado disponível para patrimonio_liquido. Pulando para a próxima tabela.
[2025-03-19 23:52:02,577] [INFO] [main] - Iniciando processamento para tabela carteira_ativos
[2025-03-19 23:52:02,577] [INFO] [data_collection] - Iniciando coleta de dados para carteira_ativos
[2025-03-19 23:52:02,578] [WARNING] [main] - Nenhum dado disponível para carteira_ativos. Pulando para a próxima tabela.
[2025-03-19 23:52:02,578] [INFO] [main] - Iniciando processamento para tabela passivos_derivativos
[2025-03-19 23:52:02,578] [INFO] [data_collection] - Iniciando coleta de dados para passivos_derivativos
[2025-03-19 23:52:02,580] [WARNING] [main] - Nenhum dado disponível para passivos_derivativos. Pulando para a próxima tabela.
[2025-03-19 23:52:02,580] [INFO] [main] - Iniciando processamento para tabela prazos_creditos
[2025-03-19 23:52:02,580] [INFO] [data_collection] - Iniciando coleta de dados para prazos_creditos
[2025-03-19 23:52:02,581] [WARNING] [main] - Nenhum dado disponível para prazos_creditos. Pulando para a próxima tabela.
[2025-03-19 23:52:02,581] [INFO] [main] - Iniciando processamento para tabela inadimplencia
[2025-03-19 23:52:02,582] [INFO] [data_collection] - Iniciando coleta de dados para inadimplencia
[2025-03-19 23:52:02,583] [WARNING] [main] - Nenhum dado disponível para inadimplencia. Pulando para a próxima tabela.
[2025-03-19 23:52:02,583] [INFO] [main] - Iniciando processamento para tabela cedentes_tomadores
[2025-03-19 23:52:02,583] [INFO] [data_collection] - Iniciando coleta de dados para cedentes_tomadores
[2025-03-19 23:52:02,585] [WARNING] [main] - Nenhum dado disponível para cedentes_tomadores. Pulando para a próxima tabela.
[2025-03-19 23:52:02,585] [INFO] [main] - Iniciando processamento para tabela precos_mercado
[2025-03-19 23:52:02,585] [INFO] [data_collection] - Iniciando coleta de dados para precos_mercado
[2025-03-19 23:52:02,587] [WARNING] [main] - Nenhum dado disponível para precos_mercado. Pulando para a próxima tabela.
[2025-03-19 23:52:02,587] [INFO] [main] - Iniciando processamento para tabela risco_credito
[2025-03-19 23:52:02,587] [INFO] [data_collection] - Iniciando coleta de dados para risco_credito
[2025-03-19 23:52:02,588] [WARNING] [main] - Nenhum dado disponível para risco_credito. Pulando para a próxima tabela.
[2025-03-19 23:52:02,588] [INFO] [main] - Iniciando processamento para tabela classes_cotistas
[2025-03-19 23:52:02,588] [INFO] [data_collection] - Iniciando coleta de dados para classes_cotistas
[2025-03-19 23:52:02,590] [WARNING] [main] - Nenhum dado disponível para classes_cotistas. Pulando para a próxima tabela.
[2025-03-19 23:52:02,590] [INFO] [main] - Iniciando processamento para tabela distribuicao_cotistas
[2025-03-19 23:52:02,590] [INFO] [data_collection] - Iniciando coleta de dados para distribuicao_cotistas
[2025-03-19 23:52:02,592] [WARNING] [main] - Nenhum dado disponível para distribuicao_cotistas. Pulando para a próxima tabela.
[2025-03-19 23:52:02,592] [INFO] [main] - Iniciando processamento para tabela cotas_valores
[2025-03-19 23:52:02,592] [INFO] [data_collection] - Iniciando coleta de dados para cotas_valores
[2025-03-19 23:52:02,593] [WARNING] [main] - Nenhum dado disponível para cotas_valores. Pulando para a próxima tabela.
[2025-03-19 23:52:02,593] [INFO] [main] - Iniciando processamento para tabela rentabilidade
[2025-03-19 23:52:02,593] [INFO] [data_collection] - Iniciando coleta de dados para rentabilidade
[2025-03-19 23:52:02,595] [WARNING] [main] - Nenhum dado disponível para rentabilidade. Pulando para a próxima tabela.
[2025-03-19 23:52:02,595] [INFO] [main] - Iniciando processamento para tabela operacoes_estruturadas
[2025-03-19 23:52:02,595] [INFO] [data_collection] - Iniciando coleta de dados para operacoes_estruturadas
[2025-03-19 23:52:02,596] [WARNING] [main] - Nenhum dado disponível para operacoes_estruturadas. Pulando para a próxima tabela.
[2025-03-19 23:52:02,597] [INFO] [main] - Iniciando processamento para tabela liquidez_ativos
[2025-03-19 23:52:02,597] [INFO] [data_collection] - Iniciando coleta de dados para liquidez_ativos
[2025-03-19 23:52:02,598] [WARNING] [main] - Nenhum dado disponível para liquidez_ativos. Pulando para a próxima tabela.
[2025-03-19 23:52:02,598] [INFO] [main] - Iniciando processamento para tabela performance_fundo
[2025-03-19 23:52:02,598] [INFO] [data_collection] - Iniciando coleta de dados para performance_fundo
[2025-03-19 23:52:02,600] [WARNING] [main] - Nenhum dado disponível para performance_fundo. Pulando para a próxima tabela.
[2025-03-19 23:52:02,600] [INFO] [main] - Iniciando processamento para tabela garantias_seguros
[2025-03-19 23:52:02,600] [INFO] [data_collection] - Iniciando coleta de dados para garantias_seguros
[2025-03-19 23:52:02,601] [WARNING] [main] - Nenhum dado disponível para garantias_seguros. Pulando para a próxima tabela.
[2025-03-19 23:52:02,601] [INFO] [main] - Execução do sistema finalizada com sucesso
[2025-03-19 23:52:52,264] [INFO] [main] - Iniciando execução do sistema de coleta e processamento de FIDCs
[2025-03-19 23:52:52,264] [INFO] [main] - Iniciando processamento para tabela caracteristicas_fundo
[2025-03-19 23:52:52,264] [INFO] [data_collection] - Iniciando coleta de dados para caracteristicas_fundo
[2025-03-19 23:52:52,268] [WARNING] [main] - Nenhum dado disponível para caracteristicas_fundo. Pulando para a próxima tabela.
[2025-03-19 23:52:52,268] [INFO] [main] - Iniciando processamento para tabela patrimonio_liquido
[2025-03-19 23:52:52,268] [INFO] [data_collection] - Iniciando coleta de dados para patrimonio_liquido
[2025-03-19 23:52:52,269] [WARNING] [main] - Nenhum dado disponível para patrimonio_liquido. Pulando para a próxima tabela.
[2025-03-19 23:52:52,270] [INFO] [main] - Iniciando processamento para tabela carteira_ativos
[2025-03-19 23:52:52,270] [INFO] [data_collection] - Iniciando coleta de dados para carteira_ativos
[2025-03-19 23:52:52,271] [WARNING] [main] - Nenhum dado disponível para carteira_ativos. Pulando para a próxima tabela.
[2025-03-19 23:52:52,271] [INFO] [main] - Iniciando processamento para tabela passivos_derivativos
[2025-03-19 23:52:52,271] [INFO] [data_collection] - Iniciando coleta de dados para passivos_derivativos
[2025-03-19 23:52:52,272] [WARNING] [main] - Nenhum dado disponível para passivos_derivativos. Pulando para a próxima tabela.
[2025-03-19 23:52:52,272] [INFO] [main] - Iniciando processamento para tabela prazos_creditos
[2025-03-19 23:52:52,272] [INFO] [data_collection] - Iniciando coleta de dados para prazos_creditos
[2025-03-19 23:52:52,274] [WARNING] [main] - Nenhum dado disponível para prazos_creditos. Pulando para a próxima tabela.
[2025-03-19 23:52:52,274] [INFO] [main] - Iniciando processamento para tabela inadimplencia
[2025-03-19 23:52:52,274] [INFO] [data_collection] - Iniciando coleta de dados para inadimplencia
[2025-03-19 23:52:52,276] [WARNING] [main] - Nenhum dado disponível para inadimplencia. Pulando para a próxima tabela.
[2025-03-19 23:52:52,276] [INFO] [main] - Iniciando processamento para tabela cedentes_tomadores
[2025-03-19 23:52:52,276] [INFO] [data_collection] - Iniciando coleta de dados para cedentes_tomadores
[2025-03-19 23:52:52,277] [WARNING] [main] - Nenhum dado disponível para cedentes_tomadores. Pulando para a próxima tabela.
[2025-03-19 23:52:52,277] [INFO] [main] - Iniciando processamento para tabela precos_mercado
[2025-03-19 23:52:52,277] [INFO] [data_collection] - Iniciando coleta de dados para precos_mercado
[2025-03-19 23:52:52,278] [WARNING] [main] - Nenhum dado disponível para precos_mercado. Pulando para a próxima tabela.
[2025-03-19 23:52:52,278] [INFO] [main] - Iniciando processamento para tabela risco_credito
[2025-03-19 23:52:52,278] [INFO] [data_collection] - Iniciando coleta de dados para risco_credito
[2025-03-19 23:52:52,280] [WARNING] [main] - Nenhum dado disponível para risco_credito. Pulando para a próxima tabela.
[2025-03-19 23:52:52,280] [INFO] [main] - Iniciando processamento para tabela classes_cotistas
[2025-03-19 23:52:52,280] [INFO] [data_collection] - Iniciando coleta de dados para classes_cotistas
[2025-03-19 23:52:52,281] [WARNING] [main] - Nenhum dado disponível para classes_cotistas. Pulando para a próxima tabela.
[2025-03-19 23:52:52,281] [INFO] [main] - Iniciando processamento para tabela distribuicao_cotistas
[2025-03-19 23:52:52,281] [INFO] [data_collection] - Iniciando coleta de dados para distribuicao_cotistas
[2025-03-19 23:52:52,283] [WARNING] [main] - Nenhum dado disponível para distribuicao_cotistas. Pulando para a próxima tabela.
[2025-03-19 23:52:52,283] [INFO] [main] - Iniciando processamento para tabela cotas_valores
[2025-03-19 23:52:52,283] [INFO] [data_collection] - Iniciando coleta de dados para cotas_valores
[2025-03-19 23:52:52,284] [WARNING] [main] - Nenhum dado disponível para cotas_valores. Pulando para a próxima tabela.
[2025-03-19 23:52:52,284] [INFO] [main] - Iniciando processamento para tabela rentabilidade
[2025-03-19 23:52:52,284] [INFO] [data_collection] - Iniciando coleta de dados para rentabilidade
[2025-03-19 23:52:52,285] [WARNING] [main] - Nenhum dado disponível para rentabilidade. Pulando para a próxima tabela.
[2025-03-19 23:52:52,285] [INFO] [main] - Iniciando processamento para tabela operacoes_estruturadas
[2025-03-19 23:52:52,285] [INFO] [data_collection] - Iniciando coleta de dados para operacoes_estruturadas
[2025-03-19 23:52:52,287] [WARNING] [main] - Nenhum dado disponível para operacoes_estruturadas. Pulando para a próxima tabela.
[2025-03-19 23:52:52,287] [INFO] [main] - Iniciando processamento para tabela liquidez_ativos
[2025-03-19 23:52:52,287] [INFO] [data_collection] - Iniciando coleta de dados para liquidez_ativos
[2025-03-19 23:52:52,288] [WARNING] [main] - Nenhum dado disponível para liquidez_ativos. Pulando para a próxima tabela.
[2025-03-19 23:52:52,288] [INFO] [main] - Iniciando processamento para tabela performance_fundo
[2025-03-19 23:52:52,288] [INFO] [data_collection] - Iniciando coleta de dados para performance_fundo
[2025-03-19 23:52:52,290] [WARNING] [main] - Nenhum dado disponível para performance_fundo. Pulando para a próxima tabela.
[2025-03-19 23:52:52,290] [INFO] [main] - Iniciando processamento para tabela garantias_seguros
[2025-03-19 23:52:52,290] [INFO] [data_collection] - Iniciando coleta de dados para garantias_seguros
[2025-03-19 23:52:52,292] [WARNING] [main] - Nenhum dado disponível para garantias_seguros. Pulando para a próxima tabela.
[2025-03-19 23:52:52,292] [INFO] [main] - Execução do sistema finalizada com sucesso
[2025-03-19 23:54:22,288] [INFO] [main] - Iniciando execução do sistema de coleta e processamento de FIDCs
[2025-03-19 23:54:22,290] [INFO] [main] - Iniciando processamento para tabela caracteristicas_fundo
[2025-03-19 23:54:22,291] [INFO] [data_collection] - Iniciando coleta de dados para caracteristicas_fundo
[2025-03-19 23:54:22,311] [WARNING] [main] - Nenhum dado disponível para caracteristicas_fundo. Pulando para a próxima tabela.
[2025-03-19 23:54:22,312] [INFO] [main] - Iniciando processamento para tabela patrimonio_liquido
[2025-03-19 23:54:22,312] [INFO] [data_collection] - Iniciando coleta de dados para patrimonio_liquido
[2025-03-19 23:54:22,316] [WARNING] [main] - Nenhum dado disponível para patrimonio_liquido. Pulando para a próxima tabela.
[2025-03-19 23:54:22,317] [INFO] [main] - Iniciando processamento para tabela carteira_ativos
[2025-03-19 23:54:22,317] [INFO] [data_collection] - Iniciando coleta de dados para carteira_ativos
[2025-03-19 23:54:22,321] [WARNING] [main] - Nenhum dado disponível para carteira_ativos. Pulando para a próxima tabela.
[2025-03-19 23:54:22,322] [INFO] [main] - Iniciando processamento para tabela passivos_derivativos
[2025-03-19 23:54:22,322] [INFO] [data_collection] - Iniciando coleta de dados para passivos_derivativos
[2025-03-19 23:54:22,327] [WARNING] [main] - Nenhum dado disponível para passivos_derivativos. Pulando para a próxima tabela.
[2025-03-19 23:54:22,328] [INFO] [main] - Iniciando processamento para tabela prazos_creditos
[2025-03-19 23:54:22,328] [INFO] [data_collection] - Iniciando coleta de dados para prazos_creditos
[2025-03-19 23:54:22,332] [WARNING] [main] - Nenhum dado disponível para prazos_creditos. Pulando para a próxima tabela.
[2025-03-19 23:54:22,332] [INFO] [main] - Iniciando processamento para tabela inadimplencia
[2025-03-19 23:54:22,332] [INFO] [data_collection] - Iniciando coleta de dados para inadimplencia
[2025-03-19 23:54:22,336] [WARNING] [main] - Nenhum dado disponível para inadimplencia. Pulando para a próxima tabela.
[2025-03-19 23:54:22,336] [INFO] [main] - Iniciando processamento para tabela cedentes_tomadores
[2025-03-19 23:54:22,337] [INFO] [data_collection] - Iniciando coleta de dados para cedentes_tomadores
[2025-03-19 23:54:22,341] [WARNING] [main] - Nenhum dado disponível para cedentes_tomadores. Pulando para a próxima tabela.
[2025-03-19 23:54:22,342] [INFO] [main] - Iniciando processamento para tabela precos_mercado
[2025-03-19 23:54:22,342] [INFO] [data_collection] - Iniciando coleta de dados para precos_mercado
[2025-03-19 23:54:22,346] [WARNING] [main] - Nenhum dado disponível para precos_mercado. Pulando para a próxima tabela.
[2025-03-19 23:54:22,346] [INFO] [main] - Iniciando processamento para tabela risco_credito
[2025-03-19 23:54:22,346] [INFO] [data_collection] - Iniciando coleta de dados para risco_credito
[2025-03-19 23:54:22,350] [WARNING] [main] - Nenhum dado disponível para risco_credito. Pulando para a próxima tabela.
[2025-03-19 23:54:22,351] [INFO] [main] - Iniciando processamento para tabela classes_cotistas
[2025-03-19 23:54:22,351] [INFO] [data_collection] - Iniciando coleta de dados para classes_cotistas
[2025-03-19 23:54:22,357] [WARNING] [main] - Nenhum dado disponível para classes_cotistas. Pulando para a próxima tabela.
[2025-03-19 23:54:22,357] [INFO] [main] - Iniciando processamento para tabela distribuicao_cotistas
[2025-03-19 23:54:22,358] [INFO] [data_collection] - Iniciando coleta de dados para distribuicao_cotistas
[2025-03-19 23:54:22,362] [WARNING] [main] - Nenhum dado disponível para distribuicao_cotistas. Pulando para a próxima tabela.
[2025-03-19 23:54:22,363] [INFO] [main] - Iniciando processamento para tabela cotas_valores
[2025-03-19 23:54:22,363] [INFO] [data_collection] - Iniciando coleta de dados para cotas_valores
[2025-03-19 23:54:22,369] [WARNING] [main] - Nenhum dado disponível para cotas_valores. Pulando para a próxima tabela.
[2025-03-19 23:54:22,369] [INFO] [main] - Iniciando processamento para tabela rentabilidade
[2025-03-19 23:54:22,369] [INFO] [data_collection] - Iniciando coleta de dados para rentabilidade
[2025-03-19 23:54:22,375] [WARNING] [main] - Nenhum dado disponível para rentabilidade. Pulando para a próxima tabela.
[2025-03-19 23:54:22,376] [INFO] [main] - Iniciando processamento para tabela operacoes_estruturadas
[2025-03-19 23:54:22,376] [INFO] [data_collection] - Iniciando coleta de dados para operacoes_estruturadas
[2025-03-19 23:54:22,382] [WARNING] [main] - Nenhum dado disponível para operacoes_estruturadas. Pulando para a próxima tabela.
[2025-03-19 23:54:22,382] [INFO] [main] - Iniciando processamento para tabela liquidez_ativos
[2025-03-19 23:54:22,382] [INFO] [data_collection] - Iniciando coleta de dados para liquidez_ativos
[2025-03-19 23:54:22,387] [WARNING] [main] - Nenhum dado disponível para liquidez_ativos. Pulando para a próxima tabela.
[2025-03-19 23:54:22,388] [INFO] [main] - Iniciando processamento para tabela performance_fundo
[2025-03-19 23:54:22,388] [INFO] [data_collection] - Iniciando coleta de dados para performance_fundo
[2025-03-19 23:54:22,394] [WARNING] [main] - Nenhum dado disponível para performance_fundo. Pulando para a próxima tabela.
[2025-03-19 23:54:22,395] [INFO] [main] - Iniciando processamento para tabela garantias_seguros
[2025-03-19 23:54:22,395] [INFO] [data_collection] - Iniciando coleta de dados para garantias_seguros
[2025-03-19 23:54:22,399] [WARNING] [main] - Nenhum dado disponível para garantias_seguros. Pulando para a próxima tabela.
[2025-03-19 23:54:22,399] [INFO] [main] - Execução do sistema finalizada com sucesso
[2025-03-19 23:57:18,986] [INFO] [main] - Iniciando execução do sistema de coleta e processamento de FIDCs
[2025-03-19 23:57:18,987] [INFO] [main] - Iniciando processamento para tabela caracteristicas_fundo
[2025-03-19 23:57:18,987] [INFO] [data_collection] - Iniciando coleta de dados para caracteristicas_fundo
[2025-03-19 23:57:18,991] [WARNING] [main] - Nenhum dado disponível para caracteristicas_fundo. Pulando para a próxima tabela.
[2025-03-19 23:57:18,992] [INFO] [main] - Iniciando processamento para tabela patrimonio_liquido
[2025-03-19 23:57:18,992] [INFO] [data_collection] - Iniciando coleta de dados para patrimonio_liquido
[2025-03-19 23:57:18,994] [WARNING] [main] - Nenhum dado disponível para patrimonio_liquido. Pulando para a próxima tabela.
[2025-03-19 23:57:18,995] [INFO] [main] - Iniciando processamento para tabela carteira_ativos
[2025-03-19 23:57:18,995] [INFO] [data_collection] - Iniciando coleta de dados para carteira_ativos
[2025-03-19 23:57:18,996] [WARNING] [main] - Nenhum dado disponível para carteira_ativos. Pulando para a próxima tabela.
[2025-03-19 23:57:18,997] [INFO] [main] - Iniciando processamento para tabela passivos_derivativos
[2025-03-19 23:57:18,997] [INFO] [data_collection] - Iniciando coleta de dados para passivos_derivativos
[2025-03-19 23:57:18,998] [WARNING] [main] - Nenhum dado disponível para passivos_derivativos. Pulando para a próxima tabela.
[2025-03-19 23:57:18,999] [INFO] [main] - Iniciando processamento para tabela prazos_creditos
[2025-03-19 23:57:18,999] [INFO] [data_collection] - Iniciando coleta de dados para prazos_creditos
[2025-03-19 23:57:19,001] [WARNING] [main] - Nenhum dado disponível para prazos_creditos. Pulando para a próxima tabela.
[2025-03-19 23:57:19,001] [INFO] [main] - Iniciando processamento para tabela inadimplencia
[2025-03-19 23:57:19,001] [INFO] [data_collection] - Iniciando coleta de dados para inadimplencia
[2025-03-19 23:57:19,003] [WARNING] [main] - Nenhum dado disponível para inadimplencia. Pulando para a próxima tabela.
[2025-03-19 23:57:19,004] [INFO] [main] - Iniciando processamento para tabela cedentes_tomadores
[2025-03-19 23:57:19,004] [INFO] [data_collection] - Iniciando coleta de dados para cedentes_tomadores
[2025-03-19 23:57:19,006] [WARNING] [main] - Nenhum dado disponível para cedentes_tomadores. Pulando para a próxima tabela.
[2025-03-19 23:57:19,006] [INFO] [main] - Iniciando processamento para tabela precos_mercado
[2025-03-19 23:57:19,006] [INFO] [data_collection] - Iniciando coleta de dados para precos_mercado
[2025-03-19 23:57:19,008] [WARNING] [main] - Nenhum dado disponível para precos_mercado. Pulando para a próxima tabela.
[2025-03-19 23:57:19,008] [INFO] [main] - Iniciando processamento para tabela risco_credito
[2025-03-19 23:57:19,008] [INFO] [data_collection] - Iniciando coleta de dados para risco_credito
[2025-03-19 23:57:19,010] [WARNING] [main] - Nenhum dado disponível para risco_credito. Pulando para a próxima tabela.
[2025-03-19 23:57:19,011] [INFO] [main] - Iniciando processamento para tabela classes_cotistas
[2025-03-19 23:57:19,011] [INFO] [data_collection] - Iniciando coleta de dados para classes_cotistas
[2025-03-19 23:57:19,013] [WARNING] [main] - Nenhum dado disponível para classes_cotistas. Pulando para a próxima tabela.
[2025-03-19 23:57:19,013] [INFO] [main] - Iniciando processamento para tabela distribuicao_cotistas
[2025-03-19 23:57:19,013] [INFO] [data_collection] - Iniciando coleta de dados para distribuicao_cotistas
[2025-03-19 23:57:19,015] [WARNING] [main] - Nenhum dado disponível para distribuicao_cotistas. Pulando para a próxima tabela.
[2025-03-19 23:57:19,016] [INFO] [main] - Iniciando processamento para tabela cotas_valores
[2025-03-19 23:57:19,016] [INFO] [data_collection] - Iniciando coleta de dados para cotas_valores
[2025-03-19 23:57:19,017] [WARNING] [main] - Nenhum dado disponível para cotas_valores. Pulando para a próxima tabela.
[2025-03-19 23:57:19,017] [INFO] [main] - Iniciando processamento para tabela rentabilidade
[2025-03-19 23:57:19,018] [INFO] [data_collection] - Iniciando coleta de dados para rentabilidade
[2025-03-19 23:57:19,020] [WARNING] [main] - Nenhum dado disponível para rentabilidade. Pulando para a próxima tabela.
[2025-03-19 23:57:19,020] [INFO] [main] - Iniciando processamento para tabela operacoes_estruturadas
[2025-03-19 23:57:19,021] [INFO] [data_collection] - Iniciando coleta de dados para operacoes_estruturadas
[2025-03-19 23:57:19,023] [WARNING] [main] - Nenhum dado disponível para operacoes_estruturadas. Pulando para a próxima tabela.
[2025-03-19 23:57:19,023] [INFO] [main] - Iniciando processamento para tabela liquidez_ativos
[2025-03-19 23:57:19,024] [INFO] [data_collection] - Iniciando coleta de dados para liquidez_ativos
[2025-03-19 23:57:19,026] [WARNING] [main] - Nenhum dado disponível para liquidez_ativos. Pulando para a próxima tabela.
[2025-03-19 23:57:19,026] [INFO] [main] - Iniciando processamento para tabela performance_fundo
[2025-03-19 23:57:19,026] [INFO] [data_collection] - Iniciando coleta de dados para performance_fundo
[2025-03-19 23:57:19,030] [WARNING] [main] - Nenhum dado disponível para performance_fundo. Pulando para a próxima tabela.
[2025-03-19 23:57:19,031] [INFO] [main] - Iniciando processamento para tabela garantias_seguros
[2025-03-19 23:57:19,031] [INFO] [data_collection] - Iniciando coleta de dados para garantias_seguros
[2025-03-19 23:57:19,033] [WARNING] [main] - Nenhum dado disponível para garantias_seguros. Pulando para a próxima tabela.
[2025-03-19 23:57:19,033] [INFO] [main] - Execução do sistema finalizada com sucesso
[2025-03-19 23:57:58,780] [INFO] [main] - Iniciando execução do sistema de coleta e processamento de FIDCs
[2025-03-19 23:57:58,781] [INFO] [main] - Iniciando processamento para tabela caracteristicas_fundo
[2025-03-19 23:57:58,781] [INFO] [data_collection] - Iniciando coleta de dados para caracteristicas_fundo
[2025-03-19 23:58:31,857] [INFO] [data_collection] - Coleta de dados para caracteristicas_fundo finalizada com sucesso
[2025-03-19 23:58:31,857] [INFO] [data_processing] - Iniciando processamento de dados para caracteristicas_fundo
[2025-03-19 23:58:31,857] [INFO] [duplicates] - Verificando duplicatas para caracteristicas_fundo
[2025-03-19 23:58:31,955] [INFO] [duplicates] - Duplicatas SEM TP_FUNDO_CLASSE removidas para caracteristicas_fundo
[2025-03-19 23:58:31,960] [INFO] [duplicates] - Tratamento das duplicatas finalizado com sucesso para caracteristicas_fundo
[2025-03-19 23:58:32,466] [INFO] [data_processing] - Processamento de dados para caracteristicas_fundo finalizado com sucesso
[2025-03-19 23:58:32,467] [INFO] [data_processing] - Criando backup para caracteristicas_fundo
[2025-03-19 23:58:37,420] [INFO] [data_processing] - Backup para caracteristicas_fundo criado com sucesso
[2025-03-19 23:58:37,434] [INFO] [main] - Tabela caracteristicas_fundo criada/atualizada no banco de dados
[2025-03-19 23:58:55,738] [INFO] [main] - Dados deletados e inseridos na tabela caracteristicas_fundo para os meses baixados
[2025-03-19 23:58:55,738] [INFO] [main] - Processamento para tabela caracteristicas_fundo finalizado com sucesso
[2025-03-19 23:58:55,738] [INFO] [main] - Iniciando processamento para tabela patrimonio_liquido
[2025-03-19 23:58:55,738] [INFO] [data_collection] - Iniciando coleta de dados para patrimonio_liquido
[2025-03-19 23:59:22,790] [INFO] [data_collection] - Coleta de dados para patrimonio_liquido finalizada com sucesso
[2025-03-19 23:59:22,798] [INFO] [data_processing] - Iniciando processamento de dados para patrimonio_liquido
[2025-03-19 23:59:22,799] [INFO] [duplicates] - Verificando duplicatas para patrimonio_liquido
[2025-03-19 23:59:22,832] [INFO] [duplicates] - Duplicatas SEM TP_FUNDO_CLASSE removidas para patrimonio_liquido
[2025-03-19 23:59:22,833] [INFO] [duplicates] - Tratamento das duplicatas finalizado com sucesso para patrimonio_liquido
[2025-03-19 23:59:23,372] [INFO] [data_processing] - Processamento de dados para patrimonio_liquido finalizado com sucesso
[2025-03-19 23:59:23,386] [INFO] [data_processing] - Criando backup para patrimonio_liquido
[2025-03-19 23:59:23,939] [INFO] [data_processing] - Backup para patrimonio_liquido criado com sucesso
[2025-03-19 23:59:23,940] [INFO] [main] - Tabela patrimonio_liquido criada/atualizada no banco de dados
[2025-03-19 23:59:28,893] [INFO] [main] - Dados deletados e inseridos na tabela patrimonio_liquido para os meses baixados
[2025-03-19 23:59:28,893] [INFO] [main] - Processamento para tabela patrimonio_liquido finalizado com sucesso
[2025-03-19 23:59:28,893] [INFO] [main] - Iniciando processamento para tabela carteira_ativos
[2025-03-19 23:59:28,893] [INFO] [data_collection] - Iniciando coleta de dados para carteira_ativos
[2025-03-19 23:59:56,259] [INFO] [data_collection] - Coleta de dados para carteira_ativos finalizada com sucesso
[2025-03-19 23:59:56,261] [INFO] [data_processing] - Iniciando processamento de dados para carteira_ativos
[2025-03-19 23:59:56,262] [INFO] [duplicates] - Verificando duplicatas para carteira_ativos
[2025-03-19 23:59:56,295] [INFO] [duplicates] - Duplicatas SEM TP_FUNDO_CLASSE removidas para carteira_ativos
[2025-03-19 23:59:56,297] [INFO] [duplicates] - Tratamento das duplicatas finalizado com sucesso para carteira_ativos
[2025-03-19 23:59:56,807] [INFO] [data_processing] - Processamento de dados para carteira_ativos finalizado com sucesso
[2025-03-19 23:59:56,813] [INFO] [data_processing] - Criando backup para carteira_ativos
[2025-03-19 23:59:58,820] [INFO] [data_processing] - Backup para carteira_ativos criado com sucesso
[2025-03-19 23:59:58,822] [INFO] [main] - Tabela carteira_ativos criada/atualizada no banco de dados
[2025-03-20 00:00:02,863] [INFO] [main] - Dados deletados e inseridos na tabela carteira_ativos para os meses baixados
[2025-03-20 00:00:02,864] [INFO] [main] - Processamento para tabela carteira_ativos finalizado com sucesso
[2025-03-20 00:00:02,864] [INFO] [main] - Iniciando processamento para tabela passivos_derivativos
[2025-03-20 00:00:02,864] [INFO] [data_collection] - Iniciando coleta de dados para passivos_derivativos
[2025-03-20 00:00:30,247] [INFO] [data_collection] - Coleta de dados para passivos_derivativos finalizada com sucesso
[2025-03-20 00:00:30,253] [INFO] [data_processing] - Iniciando processamento de dados para passivos_derivativos
[2025-03-20 00:00:30,253] [INFO] [duplicates] - Verificando duplicatas para passivos_derivativos
[2025-03-20 00:00:30,283] [INFO] [duplicates] - Duplicatas SEM TP_FUNDO_CLASSE removidas para passivos_derivativos
[2025-03-20 00:00:30,284] [INFO] [duplicates] - Tratamento das duplicatas finalizado com sucesso para passivos_derivativos
[2025-03-20 00:00:30,828] [INFO] [data_processing] - Processamento de dados para passivos_derivativos finalizado com sucesso
[2025-03-20 00:00:30,836] [INFO] [data_processing] - Criando backup para passivos_derivativos
[2025-03-20 00:00:31,724] [INFO] [data_processing] - Backup para passivos_derivativos criado com sucesso
[2025-03-20 00:00:31,726] [INFO] [main] - Tabela passivos_derivativos criada/atualizada no banco de dados
[2025-03-20 00:00:35,302] [INFO] [main] - Dados deletados e inseridos na tabela passivos_derivativos para os meses baixados
[2025-03-20 00:00:35,303] [INFO] [main] - Processamento para tabela passivos_derivativos finalizado com sucesso
[2025-03-20 00:00:35,303] [INFO] [main] - Iniciando processamento para tabela prazos_creditos
[2025-03-20 00:00:35,303] [INFO] [data_collection] - Iniciando coleta de dados para prazos_creditos
[2025-03-20 00:01:04,998] [INFO] [data_collection] - Coleta de dados para prazos_creditos finalizada com sucesso
[2025-03-20 00:01:05,001] [INFO] [data_processing] - Iniciando processamento de dados para prazos_creditos
[2025-03-20 00:01:05,001] [INFO] [duplicates] - Verificando duplicatas para prazos_creditos
[2025-03-20 00:01:05,044] [INFO] [duplicates] - Duplicatas SEM TP_FUNDO_CLASSE removidas para prazos_creditos
[2025-03-20 00:01:05,045] [INFO] [duplicates] - Tratamento das duplicatas finalizado com sucesso para prazos_creditos
[2025-03-20 00:01:05,578] [INFO] [data_processing] - Processamento de dados para prazos_creditos finalizado com sucesso
[2025-03-20 00:01:05,585] [INFO] [data_processing] - Criando backup para prazos_creditos
[2025-03-20 00:01:07,820] [INFO] [data_processing] - Backup para prazos_creditos criado com sucesso
[2025-03-20 00:01:07,822] [INFO] [main] - Tabela prazos_creditos criada/atualizada no banco de dados
[2025-03-20 00:01:12,361] [INFO] [main] - Dados deletados e inseridos na tabela prazos_creditos para os meses baixados
[2025-03-20 00:01:12,361] [INFO] [main] - Processamento para tabela prazos_creditos finalizado com sucesso
[2025-03-20 00:01:12,361] [INFO] [main] - Iniciando processamento para tabela inadimplencia
[2025-03-20 00:01:12,361] [INFO] [data_collection] - Iniciando coleta de dados para inadimplencia
[2025-03-20 00:01:41,061] [INFO] [data_collection] - Coleta de dados para inadimplencia finalizada com sucesso
[2025-03-20 00:01:41,064] [INFO] [data_processing] - Iniciando processamento de dados para inadimplencia
[2025-03-20 00:01:41,065] [INFO] [duplicates] - Verificando duplicatas para inadimplencia
[2025-03-20 00:01:41,107] [INFO] [duplicates] - Duplicatas SEM TP_FUNDO_CLASSE removidas para inadimplencia
[2025-03-20 00:01:41,109] [INFO] [duplicates] - Tratamento das duplicatas finalizado com sucesso para inadimplencia
[2025-03-20 00:01:41,626] [INFO] [data_processing] - Processamento de dados para inadimplencia finalizado com sucesso
[2025-03-20 00:01:41,632] [INFO] [data_processing] - Criando backup para inadimplencia
[2025-03-20 00:01:43,645] [INFO] [data_processing] - Backup para inadimplencia criado com sucesso
[2025-03-20 00:01:43,647] [INFO] [main] - Tabela inadimplencia criada/atualizada no banco de dados
[2025-03-20 00:01:47,956] [INFO] [main] - Dados deletados e inseridos na tabela inadimplencia para os meses baixados
[2025-03-20 00:01:47,956] [INFO] [main] - Processamento para tabela inadimplencia finalizado com sucesso
[2025-03-20 00:01:47,956] [INFO] [main] - Iniciando processamento para tabela cedentes_tomadores
[2025-03-20 00:01:47,956] [INFO] [data_collection] - Iniciando coleta de dados para cedentes_tomadores
[2025-03-20 00:02:15,800] [INFO] [data_collection] - Coleta de dados para cedentes_tomadores finalizada com sucesso
[2025-03-20 00:02:15,803] [INFO] [data_processing] - Iniciando processamento de dados para cedentes_tomadores
[2025-03-20 00:02:15,804] [INFO] [duplicates] - Verificando duplicatas para cedentes_tomadores
[2025-03-20 00:02:15,838] [INFO] [duplicates] - Duplicatas SEM TP_FUNDO_CLASSE removidas para cedentes_tomadores
[2025-03-20 00:02:15,840] [INFO] [duplicates] - Tratamento das duplicatas finalizado com sucesso para cedentes_tomadores
[2025-03-20 00:02:16,389] [INFO] [data_processing] - Processamento de dados para cedentes_tomadores finalizado com sucesso
[2025-03-20 00:02:16,400] [INFO] [data_processing] - Criando backup para cedentes_tomadores
[2025-03-20 00:02:17,978] [INFO] [data_processing] - Backup para cedentes_tomadores criado com sucesso
[2025-03-20 00:02:17,980] [INFO] [main] - Tabela cedentes_tomadores criada/atualizada no banco de dados
[2025-03-20 00:02:21,838] [INFO] [main] - Dados deletados e inseridos na tabela cedentes_tomadores para os meses baixados
[2025-03-20 00:02:21,838] [INFO] [main] - Processamento para tabela cedentes_tomadores finalizado com sucesso
[2025-03-20 00:02:21,838] [INFO] [main] - Iniciando processamento para tabela precos_mercado
[2025-03-20 00:02:21,838] [INFO] [data_collection] - Iniciando coleta de dados para precos_mercado
[2025-03-20 00:02:55,141] [INFO] [data_collection] - Coleta de dados para precos_mercado finalizada com sucesso
[2025-03-20 00:02:55,144] [INFO] [data_processing] - Iniciando processamento de dados para precos_mercado
[2025-03-20 00:02:55,144] [INFO] [duplicates] - Verificando duplicatas para precos_mercado
[2025-03-20 00:02:55,195] [INFO] [duplicates] - Duplicatas SEM TP_FUNDO_CLASSE removidas para precos_mercado
[2025-03-20 00:02:55,198] [INFO] [duplicates] - Tratamento das duplicatas finalizado com sucesso para precos_mercado
[2025-03-20 00:02:55,752] [INFO] [data_processing] - Processamento de dados para precos_mercado finalizado com sucesso
[2025-03-20 00:02:55,759] [INFO] [data_processing] - Criando backup para precos_mercado
[2025-03-20 00:02:59,304] [INFO] [data_processing] - Backup para precos_mercado criado com sucesso
[2025-03-20 00:02:59,307] [INFO] [main] - Tabela precos_mercado criada/atualizada no banco de dados
[2025-03-20 00:03:04,725] [INFO] [main] - Dados deletados e inseridos na tabela precos_mercado para os meses baixados
[2025-03-20 00:03:04,725] [INFO] [main] - Processamento para tabela precos_mercado finalizado com sucesso
[2025-03-20 00:03:04,725] [INFO] [main] - Iniciando processamento para tabela risco_credito
[2025-03-20 00:03:04,725] [INFO] [data_collection] - Iniciando coleta de dados para risco_credito
[2025-03-20 00:03:31,656] [INFO] [data_collection] - Coleta de dados para risco_credito finalizada com sucesso
[2025-03-20 00:03:31,662] [INFO] [data_processing] - Iniciando processamento de dados para risco_credito
[2025-03-20 00:03:31,662] [INFO] [duplicates] - Verificando duplicatas para risco_credito
[2025-03-20 00:03:31,677] [INFO] [duplicates] - Duplicatas SEM TP_FUNDO_CLASSE removidas para risco_credito
[2025-03-20 00:03:31,679] [INFO] [duplicates] - Tratamento das duplicatas finalizado com sucesso para risco_credito
[2025-03-20 00:03:31,907] [INFO] [data_processing] - Processamento de dados para risco_credito finalizado com sucesso
[2025-03-20 00:03:31,918] [INFO] [data_processing] - Criando backup para risco_credito
[2025-03-20 00:03:32,520] [INFO] [data_processing] - Backup para risco_credito criado com sucesso
[2025-03-20 00:03:32,528] [INFO] [main] - Tabela risco_credito criada/atualizada no banco de dados
[2025-03-20 00:03:32,771] [INFO] [main] - Dados deletados e inseridos na tabela risco_credito para os meses baixados
[2025-03-20 00:03:32,771] [INFO] [main] - Processamento para tabela risco_credito finalizado com sucesso
[2025-03-20 00:03:32,771] [INFO] [main] - Iniciando processamento para tabela classes_cotistas
[2025-03-20 00:03:32,771] [INFO] [data_collection] - Iniciando coleta de dados para classes_cotistas
[2025-03-20 00:03:59,894] [INFO] [data_collection] - Coleta de dados para classes_cotistas finalizada com sucesso
[2025-03-20 00:03:59,895] [INFO] [data_processing] - Iniciando processamento de dados para classes_cotistas
[2025-03-20 00:03:59,895] [INFO] [duplicates] - Verificando duplicatas para classes_cotistas
[2025-03-20 00:04:00,008] [INFO] [duplicates] - Duplicatas SEM TP_FUNDO_CLASSE removidas para classes_cotistas
[2025-03-20 00:04:00,051] [INFO] [duplicates] - Tratamento das duplicatas finalizado com sucesso para classes_cotistas
[2025-03-20 00:04:01,680] [INFO] [data_processing] - Processamento de dados para classes_cotistas finalizado com sucesso
[2025-03-20 00:04:01,684] [INFO] [data_processing] - Criando backup para classes_cotistas
[2025-03-20 00:04:02,936] [INFO] [data_processing] - Backup para classes_cotistas criado com sucesso
[2025-03-20 00:04:02,937] [INFO] [main] - Tabela classes_cotistas criada/atualizada no banco de dados
[2025-03-20 00:04:12,890] [INFO] [main] - Dados deletados e inseridos na tabela classes_cotistas para os meses baixados
[2025-03-20 00:04:12,890] [INFO] [main] - Processamento para tabela classes_cotistas finalizado com sucesso
[2025-03-20 00:04:12,890] [INFO] [main] - Iniciando processamento para tabela distribuicao_cotistas
[2025-03-20 00:04:12,890] [INFO] [data_collection] - Iniciando coleta de dados para distribuicao_cotistas
[2025-03-20 00:04:38,419] [INFO] [data_collection] - Coleta de dados para distribuicao_cotistas finalizada com sucesso
[2025-03-20 00:04:38,424] [INFO] [data_processing] - Iniciando processamento de dados para distribuicao_cotistas
[2025-03-20 00:04:38,424] [INFO] [duplicates] - Verificando duplicatas para distribuicao_cotistas
[2025-03-20 00:04:38,461] [INFO] [duplicates] - Duplicatas SEM TP_FUNDO_CLASSE removidas para distribuicao_cotistas
[2025-03-20 00:04:38,476] [INFO] [duplicates] - Tratamento das duplicatas finalizado com sucesso para distribuicao_cotistas
[2025-03-20 00:04:38,986] [INFO] [data_processing] - Processamento de dados para distribuicao_cotistas finalizado com sucesso
[2025-03-20 00:04:38,998] [INFO] [data_processing] - Criando backup para distribuicao_cotistas
[2025-03-20 00:04:40,157] [INFO] [data_processing] - Backup para distribuicao_cotistas criado com sucesso
[2025-03-20 00:04:40,159] [INFO] [main] - Tabela distribuicao_cotistas criada/atualizada no banco de dados
[2025-03-20 00:04:43,808] [INFO] [main] - Dados deletados e inseridos na tabela distribuicao_cotistas para os meses baixados
[2025-03-20 00:04:43,808] [INFO] [main] - Processamento para tabela distribuicao_cotistas finalizado com sucesso
[2025-03-20 00:04:43,808] [INFO] [main] - Iniciando processamento para tabela cotas_valores
[2025-03-20 00:04:43,808] [INFO] [data_collection] - Iniciando coleta de dados para cotas_valores
[2025-03-20 00:05:10,846] [INFO] [data_collection] - Coleta de dados para cotas_valores finalizada com sucesso
[2025-03-20 00:05:10,850] [INFO] [data_processing] - Iniciando processamento de dados para cotas_valores
[2025-03-20 00:05:10,850] [INFO] [duplicates] - Verificando duplicatas para cotas_valores
[2025-03-20 00:05:10,947] [INFO] [duplicates] - Duplicatas SEM TP_FUNDO_CLASSE removidas para cotas_valores
[2025-03-20 00:05:10,979] [INFO] [duplicates] - Tratamento das duplicatas finalizado com sucesso para cotas_valores
[2025-03-20 00:05:12,494] [INFO] [data_processing] - Processamento de dados para cotas_valores finalizado com sucesso
[2025-03-20 00:05:12,503] [INFO] [data_processing] - Criando backup para cotas_valores
[2025-03-20 00:05:13,992] [INFO] [data_processing] - Backup para cotas_valores criado com sucesso
[2025-03-20 00:05:13,993] [INFO] [main] - Tabela cotas_valores criada/atualizada no banco de dados
[2025-03-20 00:05:23,649] [INFO] [main] - Dados deletados e inseridos na tabela cotas_valores para os meses baixados
[2025-03-20 00:05:23,650] [INFO] [main] - Processamento para tabela cotas_valores finalizado com sucesso
[2025-03-20 00:05:23,650] [INFO] [main] - Iniciando processamento para tabela rentabilidade
[2025-03-20 00:05:23,650] [INFO] [data_collection] - Iniciando coleta de dados para rentabilidade
[2025-03-20 00:05:49,582] [INFO] [data_collection] - Coleta de dados para rentabilidade finalizada com sucesso
[2025-03-20 00:05:49,587] [INFO] [data_processing] - Iniciando processamento de dados para rentabilidade
[2025-03-20 00:05:49,587] [INFO] [duplicates] - Verificando duplicatas para rentabilidade
[2025-03-20 00:05:49,688] [INFO] [duplicates] - Duplicatas SEM TP_FUNDO_CLASSE removidas para rentabilidade
[2025-03-20 00:05:49,721] [INFO] [duplicates] - Tratamento das duplicatas finalizado com sucesso para rentabilidade
[2025-03-20 00:05:51,332] [INFO] [data_processing] - Processamento de dados para rentabilidade finalizado com sucesso
[2025-03-20 00:05:51,345] [INFO] [data_processing] - Criando backup para rentabilidade
[2025-03-20 00:05:52,703] [INFO] [data_processing] - Backup para rentabilidade criado com sucesso
[2025-03-20 00:05:52,705] [INFO] [main] - Tabela rentabilidade criada/atualizada no banco de dados
[2025-03-20 00:06:03,073] [INFO] [main] - Dados deletados e inseridos na tabela rentabilidade para os meses baixados
[2025-03-20 00:06:03,073] [INFO] [main] - Processamento para tabela rentabilidade finalizado com sucesso
[2025-03-20 00:06:03,073] [INFO] [main] - Iniciando processamento para tabela operacoes_estruturadas
[2025-03-20 00:06:03,073] [INFO] [data_collection] - Iniciando coleta de dados para operacoes_estruturadas
[2025-03-20 00:06:34,546] [INFO] [data_collection] - Coleta de dados para operacoes_estruturadas finalizada com sucesso
[2025-03-20 00:06:34,551] [INFO] [data_processing] - Iniciando processamento de dados para operacoes_estruturadas
[2025-03-20 00:06:34,552] [INFO] [duplicates] - Verificando duplicatas para operacoes_estruturadas
[2025-03-20 00:06:35,009] [INFO] [duplicates] - Duplicatas SEM TP_FUNDO_CLASSE removidas para operacoes_estruturadas
[2025-03-20 00:06:35,145] [INFO] [duplicates] - Tratamento das duplicatas finalizado com sucesso para operacoes_estruturadas
[2025-03-20 00:06:40,722] [INFO] [data_processing] - Processamento de dados para operacoes_estruturadas finalizado com sucesso
[2025-03-20 00:06:40,735] [INFO] [data_processing] - Criando backup para operacoes_estruturadas
[2025-03-20 00:06:46,209] [INFO] [data_processing] - Backup para operacoes_estruturadas criado com sucesso
[2025-03-20 00:06:46,210] [INFO] [main] - Tabela operacoes_estruturadas criada/atualizada no banco de dados
[2025-03-20 00:07:22,353] [INFO] [main] - Dados deletados e inseridos na tabela operacoes_estruturadas para os meses baixados
[2025-03-20 00:07:22,353] [INFO] [main] - Processamento para tabela operacoes_estruturadas finalizado com sucesso
[2025-03-20 00:07:22,353] [INFO] [main] - Iniciando processamento para tabela liquidez_ativos
[2025-03-20 00:07:22,353] [INFO] [data_collection] - Iniciando coleta de dados para liquidez_ativos
[2025-03-20 00:07:47,294] [INFO] [data_collection] - Coleta de dados para liquidez_ativos finalizada com sucesso
[2025-03-20 00:07:47,309] [INFO] [data_processing] - Iniciando processamento de dados para liquidez_ativos
[2025-03-20 00:07:47,310] [INFO] [duplicates] - Verificando duplicatas para liquidez_ativos
[2025-03-20 00:07:47,335] [INFO] [duplicates] - Duplicatas SEM TP_FUNDO_CLASSE removidas para liquidez_ativos
[2025-03-20 00:07:47,336] [INFO] [duplicates] - Tratamento das duplicatas finalizado com sucesso para liquidez_ativos
[2025-03-20 00:07:47,822] [INFO] [data_processing] - Processamento de dados para liquidez_ativos finalizado com sucesso
[2025-03-20 00:07:47,852] [INFO] [data_processing] - Criando backup para liquidez_ativos
[2025-03-20 00:07:48,525] [INFO] [data_processing] - Backup para liquidez_ativos criado com sucesso
[2025-03-20 00:07:48,527] [INFO] [main] - Tabela liquidez_ativos criada/atualizada no banco de dados
[2025-03-20 00:07:51,661] [INFO] [main] - Dados deletados e inseridos na tabela liquidez_ativos para os meses baixados
[2025-03-20 00:07:51,661] [INFO] [main] - Processamento para tabela liquidez_ativos finalizado com sucesso
[2025-03-20 00:07:51,661] [INFO] [main] - Iniciando processamento para tabela performance_fundo
[2025-03-20 00:07:51,661] [INFO] [data_collection] - Iniciando coleta de dados para performance_fundo
[2025-03-20 00:08:18,631] [INFO] [data_collection] - Coleta de dados para performance_fundo finalizada com sucesso
[2025-03-20 00:08:18,633] [INFO] [data_processing] - Iniciando processamento de dados para performance_fundo
[2025-03-20 00:08:18,633] [INFO] [duplicates] - Verificando duplicatas para performance_fundo
[2025-03-20 00:08:18,721] [INFO] [duplicates] - Duplicatas SEM TP_FUNDO_CLASSE removidas para performance_fundo
[2025-03-20 00:08:18,751] [INFO] [duplicates] - Tratamento das duplicatas finalizado com sucesso para performance_fundo
[2025-03-20 00:08:20,162] [INFO] [data_processing] - Processamento de dados para performance_fundo finalizado com sucesso
[2025-03-20 00:08:20,168] [INFO] [data_processing] - Criando backup para performance_fundo
[2025-03-20 00:08:21,479] [INFO] [data_processing] - Backup para performance_fundo criado com sucesso
[2025-03-20 00:08:21,480] [INFO] [main] - Tabela performance_fundo criada/atualizada no banco de dados
[2025-03-20 00:08:30,339] [INFO] [main] - Dados deletados e inseridos na tabela performance_fundo para os meses baixados
[2025-03-20 00:08:30,340] [INFO] [main] - Processamento para tabela performance_fundo finalizado com sucesso
[2025-03-20 00:08:30,340] [INFO] [main] - Iniciando processamento para tabela garantias_seguros
[2025-03-20 00:08:30,340] [INFO] [data_collection] - Iniciando coleta de dados para garantias_seguros
[2025-03-20 00:08:55,311] [INFO] [data_collection] - Coleta de dados para garantias_seguros finalizada com sucesso
[2025-03-20 00:08:55,316] [INFO] [data_processing] - Iniciando processamento de dados para garantias_seguros
[2025-03-20 00:08:55,316] [INFO] [duplicates] - Verificando duplicatas para garantias_seguros
[2025-03-20 00:08:55,340] [INFO] [duplicates] - Duplicatas SEM TP_FUNDO_CLASSE removidas para garantias_seguros
[2025-03-20 00:08:55,341] [INFO] [duplicates] - Tratamento das duplicatas finalizado com sucesso para garantias_seguros
[2025-03-20 00:08:55,829] [INFO] [data_processing] - Processamento de dados para garantias_seguros finalizado com sucesso
[2025-03-20 00:08:55,840] [INFO] [data_processing] - Criando backup para garantias_seguros
[2025-03-20 00:08:56,226] [INFO] [data_processing] - Backup para garantias_seguros criado com sucesso
[2025-03-20 00:08:56,228] [INFO] [main] - Tabela garantias_seguros criada/atualizada no banco de dados
[2025-03-20 00:08:59,161] [INFO] [main] - Dados deletados e inseridos na tabela garantias_seguros para os meses baixados
[2025-03-20 00:08:59,161] [INFO] [main] - Processamento para tabela garantias_seguros finalizado com sucesso
[2025-03-20 00:08:59,161] [INFO] [main] - Execução do sistema finalizada com sucesso
