[2025-03-20 00:28:07,416] [INFO] [collector] - Dados brutos coletados para caracteristicas_fundo: 84933 registros
[2025-03-20 00:28:07,433] [WARNING] [processor] - Duplicatas detectadas nas chaves primárias para caracteristicas_fundo
[2025-03-20 00:28:07,434] [WARNING] [processor] - 14 duplicatas SEM TP_FUNDO_CLASSE detectadas para caracteristicas_fundo
[2025-03-20 00:28:07,882] [INFO] [processor] - Dados processados para caracteristicas_fundo: 84919 registros
[2025-03-20 00:28:24,331] [INFO] [database] - Dados inseridos em caracteristicas_fundo: 84919 registros
[2025-03-20 00:28:39,732] [INFO] [collector] - Dados brutos coletados para patrimonio_liquido: 84933 registros
[2025-03-20 00:28:39,746] [WARNING] [processor] - Duplicatas detectadas nas chaves primárias para patrimonio_liquido
[2025-03-20 00:28:39,746] [WARNING] [processor] - 14 duplicatas SEM TP_FUNDO_CLASSE detectadas para patrimonio_liquido
[2025-03-20 00:28:40,128] [INFO] [processor] - Dados processados para patrimonio_liquido: 84919 registros
[2025-03-20 00:28:44,480] [INFO] [database] - Dados inseridos em patrimonio_liquido: 84919 registros
[2025-03-20 00:29:03,264] [INFO] [collector] - Dados brutos coletados para carteira_ativos: 84933 registros
[2025-03-20 00:29:03,277] [WARNING] [processor] - Duplicatas detectadas nas chaves primárias para carteira_ativos
[2025-03-20 00:29:03,278] [WARNING] [processor] - 14 duplicatas SEM TP_FUNDO_CLASSE detectadas para carteira_ativos
[2025-03-20 00:29:03,647] [INFO] [processor] - Dados processados para carteira_ativos: 84919 registros
[2025-03-20 00:29:08,664] [INFO] [database] - Dados inseridos em carteira_ativos: 84919 registros
[2025-03-20 00:29:24,913] [INFO] [collector] - Dados brutos coletados para passivos_derivativos: 84933 registros
[2025-03-20 00:29:24,927] [WARNING] [processor] - Duplicatas detectadas nas chaves primárias para passivos_derivativos
[2025-03-20 00:29:24,928] [WARNING] [processor] - 14 duplicatas SEM TP_FUNDO_CLASSE detectadas para passivos_derivativos
[2025-03-20 00:29:25,329] [INFO] [processor] - Dados processados para passivos_derivativos: 84919 registros
[2025-03-20 00:29:29,164] [INFO] [database] - Dados inseridos em passivos_derivativos: 84919 registros
[2025-03-20 00:29:46,445] [INFO] [collector] - Dados brutos coletados para prazos_creditos: 84933 registros
[2025-03-20 00:29:46,458] [WARNING] [processor] - Duplicatas detectadas nas chaves primárias para prazos_creditos
[2025-03-20 00:29:46,458] [WARNING] [processor] - 14 duplicatas SEM TP_FUNDO_CLASSE detectadas para prazos_creditos
[2025-03-20 00:29:46,841] [INFO] [processor] - Dados processados para prazos_creditos: 84919 registros
[2025-03-20 00:29:52,242] [INFO] [database] - Dados inseridos em prazos_creditos: 84919 registros
[2025-03-20 00:30:11,167] [INFO] [collector] - Dados brutos coletados para inadimplencia: 84933 registros
[2025-03-20 00:30:11,181] [WARNING] [processor] - Duplicatas detectadas nas chaves primárias para inadimplencia
[2025-03-20 00:30:11,181] [WARNING] [processor] - 14 duplicatas SEM TP_FUNDO_CLASSE detectadas para inadimplencia
[2025-03-20 00:30:11,582] [INFO] [processor] - Dados processados para inadimplencia: 84919 registros
[2025-03-20 00:30:16,866] [INFO] [database] - Dados inseridos em inadimplencia: 84919 registros
[2025-03-20 00:30:34,727] [INFO] [collector] - Dados brutos coletados para cedentes_tomadores: 84933 registros
[2025-03-20 00:30:34,744] [WARNING] [processor] - Duplicatas detectadas nas chaves primárias para cedentes_tomadores
[2025-03-20 00:30:34,745] [WARNING] [processor] - 14 duplicatas SEM TP_FUNDO_CLASSE detectadas para cedentes_tomadores
[2025-03-20 00:30:35,176] [INFO] [processor] - Dados processados para cedentes_tomadores: 84919 registros
[2025-03-20 00:30:40,117] [INFO] [database] - Dados inseridos em cedentes_tomadores: 84919 registros
[2025-03-20 00:30:59,685] [INFO] [collector] - Dados brutos coletados para precos_mercado: 84933 registros
[2025-03-20 00:30:59,701] [WARNING] [processor] - Duplicatas detectadas nas chaves primárias para precos_mercado
[2025-03-20 00:30:59,702] [WARNING] [processor] - 14 duplicatas SEM TP_FUNDO_CLASSE detectadas para precos_mercado
[2025-03-20 00:31:00,130] [INFO] [processor] - Dados processados para precos_mercado: 84919 registros
[2025-03-20 00:31:07,298] [INFO] [database] - Dados inseridos em precos_mercado: 84919 registros
[2025-03-20 00:31:23,400] [INFO] [collector] - Dados brutos coletados para risco_credito: 45796 registros
[2025-03-20 00:31:23,408] [WARNING] [processor] - Duplicatas detectadas nas chaves primárias para risco_credito
[2025-03-20 00:31:23,408] [WARNING] [processor] - 12 duplicatas SEM TP_FUNDO_CLASSE detectadas para risco_credito
[2025-03-20 00:31:23,640] [INFO] [processor] - Dados processados para risco_credito: 45784 registros
[2025-03-20 00:31:24,580] [INFO] [database] - Dados inseridos em risco_credito: 45784 registros
[2025-03-20 00:31:42,227] [INFO] [collector] - Dados brutos coletados para classes_cotistas: 272685 registros
[2025-03-20 00:31:42,295] [WARNING] [processor] - Duplicatas detectadas nas chaves primárias para classes_cotistas
[2025-03-20 00:31:42,296] [WARNING] [processor] - 563 duplicatas SEM TP_FUNDO_CLASSE detectadas para classes_cotistas
[2025-03-20 00:31:42,348] [WARNING] [processor] - 188 CNPJs com duplicatas para classes_cotistas. Dentro do limite - seguimos.
[2025-03-20 00:31:43,625] [INFO] [processor] - Dados processados para classes_cotistas: 269988 registros
[2025-03-20 00:31:53,848] [INFO] [database] - Dados inseridos em classes_cotistas: 269988 registros
[2025-03-20 00:32:10,839] [INFO] [collector] - Dados brutos coletados para distribuicao_cotistas: 84933 registros
[2025-03-20 00:32:10,855] [WARNING] [processor] - Duplicatas detectadas nas chaves primárias para distribuicao_cotistas
[2025-03-20 00:32:10,856] [WARNING] [processor] - 14 duplicatas SEM TP_FUNDO_CLASSE detectadas para distribuicao_cotistas
[2025-03-20 00:32:11,280] [INFO] [processor] - Dados processados para distribuicao_cotistas: 84919 registros
[2025-03-20 00:32:15,447] [INFO] [database] - Dados inseridos em distribuicao_cotistas: 84919 registros
[2025-03-20 00:32:32,556] [INFO] [collector] - Dados brutos coletados para cotas_valores: 248766 registros
[2025-03-20 00:32:32,621] [WARNING] [processor] - Duplicatas detectadas nas chaves primárias para cotas_valores
[2025-03-20 00:32:32,622] [WARNING] [processor] - 374 duplicatas SEM TP_FUNDO_CLASSE detectadas para cotas_valores
[2025-03-20 00:32:32,675] [WARNING] [processor] - 197 CNPJs com duplicatas para cotas_valores. Dentro do limite - seguimos.
[2025-03-20 00:32:33,811] [INFO] [processor] - Dados processados para cotas_valores: 246251 registros
[2025-03-20 00:32:43,946] [INFO] [database] - Dados inseridos em cotas_valores: 246251 registros
[2025-03-20 00:33:01,524] [INFO] [collector] - Dados brutos coletados para rentabilidade: 272262 registros
[2025-03-20 00:33:01,590] [WARNING] [processor] - Duplicatas detectadas nas chaves primárias para rentabilidade
[2025-03-20 00:33:01,590] [WARNING] [processor] - 297 duplicatas SEM TP_FUNDO_CLASSE detectadas para rentabilidade
[2025-03-20 00:33:01,643] [WARNING] [processor] - 212 CNPJs com duplicatas para rentabilidade. Dentro do limite - seguimos.
[2025-03-20 00:33:02,874] [INFO] [processor] - Dados processados para rentabilidade: 269712 registros
[2025-03-20 00:33:13,713] [INFO] [database] - Dados inseridos em rentabilidade: 269712 registros
[2025-03-20 00:33:35,054] [INFO] [collector] - Dados brutos coletados para operacoes_estruturadas: 919012 registros
[2025-03-20 00:33:35,323] [WARNING] [processor] - Duplicatas detectadas nas chaves primárias para operacoes_estruturadas
[2025-03-20 00:33:35,324] [WARNING] [processor] - 893 duplicatas SEM TP_FUNDO_CLASSE detectadas para operacoes_estruturadas
[2025-03-20 00:33:35,512] [WARNING] [processor] - 208 CNPJs com duplicatas para operacoes_estruturadas. Dentro do limite - seguimos.
[2025-03-20 00:33:39,872] [INFO] [processor] - Dados processados para operacoes_estruturadas: 910106 registros
[2025-03-20 00:34:20,078] [INFO] [database] - Dados inseridos em operacoes_estruturadas: 910106 registros
[2025-03-20 00:34:36,138] [INFO] [collector] - Dados brutos coletados para liquidez_ativos: 84949 registros
[2025-03-20 00:34:36,152] [WARNING] [processor] - Duplicatas detectadas nas chaves primárias para liquidez_ativos
[2025-03-20 00:34:36,152] [WARNING] [processor] - 14 duplicatas SEM TP_FUNDO_CLASSE detectadas para liquidez_ativos
[2025-03-20 00:34:36,555] [INFO] [processor] - Dados processados para liquidez_ativos: 84935 registros
[2025-03-20 00:34:39,965] [INFO] [database] - Dados inseridos em liquidez_ativos: 84935 registros
[2025-03-20 00:34:57,317] [INFO] [collector] - Dados brutos coletados para performance_fundo: 236790 registros
[2025-03-20 00:34:57,377] [WARNING] [processor] - Duplicatas detectadas nas chaves primárias para performance_fundo
[2025-03-20 00:34:57,377] [WARNING] [processor] - 283 duplicatas SEM TP_FUNDO_CLASSE detectadas para performance_fundo
[2025-03-20 00:34:57,421] [WARNING] [processor] - 203 CNPJs com duplicatas para performance_fundo. Dentro do limite - seguimos.
[2025-03-20 00:34:58,507] [INFO] [processor] - Dados processados para performance_fundo: 234404 registros
[2025-03-20 00:35:08,165] [INFO] [database] - Dados inseridos em performance_fundo: 234404 registros
[2025-03-20 00:35:26,561] [INFO] [collector] - Dados brutos coletados para garantias_seguros: 84949 registros
[2025-03-20 00:35:26,574] [WARNING] [processor] - Duplicatas detectadas nas chaves primárias para garantias_seguros
[2025-03-20 00:35:26,575] [WARNING] [processor] - 14 duplicatas SEM TP_FUNDO_CLASSE detectadas para garantias_seguros
[2025-03-20 00:35:26,954] [INFO] [processor] - Dados processados para garantias_seguros: 84935 registros
[2025-03-20 00:35:29,984] [INFO] [database] - Dados inseridos em garantias_seguros: 84935 registros
[2025-03-20 00:59:17,874] [INFO] [collector] - Dados brutos coletados para caracteristicas_fundo: 84933 registros
[2025-03-20 00:59:17,891] [WARNING] [processor] - Duplicatas detectadas nas chaves primárias para caracteristicas_fundo
[2025-03-20 00:59:17,893] [WARNING] [processor] - 14 duplicatas SEM TP_FUNDO_CLASSE detectadas para caracteristicas_fundo
[2025-03-20 00:59:18,324] [INFO] [processor] - Dados processados para caracteristicas_fundo: 84919 registros
[2025-03-20 00:59:37,706] [INFO] [database] - Dados inseridos em caracteristicas_fundo: 84919 registros
[2025-03-20 00:59:53,744] [INFO] [collector] - Dados brutos coletados para patrimonio_liquido: 84933 registros
[2025-03-20 00:59:53,765] [WARNING] [processor] - Duplicatas detectadas nas chaves primárias para patrimonio_liquido
[2025-03-20 00:59:53,766] [WARNING] [processor] - 14 duplicatas SEM TP_FUNDO_CLASSE detectadas para patrimonio_liquido
[2025-03-20 00:59:54,187] [INFO] [processor] - Dados processados para patrimonio_liquido: 84919 registros
